Controllers found: 1
<ControllerLog controllerID="0" type="6" time="1355561109">
    <eventlog>
    	<event Date="1349454357" eventType="FSA_EM_CONTAINER_CHANGE" eventCode="0x20" controllerID="0" logicalDriveID="1"/>
    	<event Date="1349454358" eventType="FSA_EM_CONTAINER_CHANGE" eventCode="0x20" controllerID="0" logicalDriveID="1"/>
    	<event Date="1349454359" eventType="FSA_EM_CONTAINER_CHANGE" eventCode="0x20" controllerID="0" logicalDriveID="1"/>
    	<event Date="1349454360" eventType="FSA_EM_CONTAINER_CHANGE" eventCode="0x20" controllerID="0" logicalDriveID="1"/>
    	<event Date="1349454361" eventType="FSA_EM_CONTAINER_CHANGE" eventCode="0x20" controllerID="0" logicalDriveID="1"/>
    	<event Date="1349454362" eventType="FSA_EM_CONTAINER_CHANGE" eventCode="0x20" controllerID="0" logicalDriveID="1"/>
    	<event Date="1349454363" eventType="FSA_EM_CONTAINER_CHANGE" eventCode="0x20" controllerID="0" logicalDriveID="1"/>
    	<event Date="1349454364" eventType="FSA_EM_CONTAINER_CHANGE" eventCode="0x20" controllerID="0" logicalDriveID="1"/>
    	<event Date="1349454365" eventType="FSA_EM_CONTAINER_CHANGE" eventCode="0x20" controllerID="0" logicalDriveID="1"/>
    	<event Date="1349489235" eventType="FSA_EM_CONTAINER_CHANGE" eventCode="0x20" controllerID="0" logicalDriveID="1"/>
    	<event Date="1349489236" eventType="FSA_EM_GENERAL_UPDATE_EVENT" eventCode="0x20000000" generalUpdateEventType="FSA_GENERAL_UPDATE_POWER_MGT" generalUpdateEventCode="5" pmEventType="1" pmState="1" controllerID="0" logicalDriveID="0"/>
    	<event Date="1349489236" eventType="FSA_EM_GENERAL_UPDATE_EVENT" eventCode="0x20000000" generalUpdateEventType="FSA_GENERAL_UPDATE_POWER_MGT" generalUpdateEventCode="5" pmEventType="1" pmState="1" controllerID="0" logicalDriveID="1"/>
    	<event Date="1349499672" eventType="FSA_EM_CONTAINER_CHANGE" eventCode="0x20" controllerID="0" logicalDriveID="1"/>
    	<event Date="1349499672" eventType="FSA_EM_GENERAL_UPDATE_EVENT" eventCode="0x20000000" generalUpdateEventType="FSA_GENERAL_UPDATE_POWER_MGT" generalUpdateEventCode="5" pmEventType="1" pmState="1" controllerID="0" logicalDriveID="0"/>
    	<event Date="1349499672" eventType="FSA_EM_GENERAL_UPDATE_EVENT" eventCode="0x20000000" generalUpdateEventType="FSA_GENERAL_UPDATE_POWER_MGT" generalUpdateEventCode="5" pmEventType="1" pmState="1" controllerID="0" logicalDriveID="1"/>
    	<event Date="1349499676" eventType="FSA_EM_CONFIG_CHANGE" eventCode="0x4" controllerID="0"/>
    	<event Date="1349823952" eventType="FSA_EM_CONTAINER_CHANGE" eventCode="0x20" controllerID="0" logicalDriveID="0"/>
    	<event Date="1349823628" eventType="FSA_EM_EXPANDED_EVENT" eventCode="0x10000000" groupType="FSA_EXE_SCSI_GROUP" groupCode="2" priority="3" subType="FSA_EXE_SCSI_SENSE_DATA" subTypeCode="12" cdb="15 10 00 00 10 00 00 00 00 00 00 00" data="70 00 05 00 00 00 00 00 00 00 00 00 26 01 00 00 00 00 00 00 00 00 00 00 00 00 00 00 00 00 00 00" lun="0" controllerID="0" channelID="0" deviceID="0"/>
    	<event Date="1349823628" eventType="FSA_EM_EXPANDED_EVENT" eventCode="0x10000000" groupType="FSA_EXE_SCSI_GROUP" groupCode="2" priority="3" subType="FSA_EXE_SCSI_SENSE_DATA" subTypeCode="12" cdb="15 10 00 00 10 00 00 00 00 00 00 00" data="70 00 05 00 00 00 00 00 00 00 00 00 26 01 00 00 00 00 00 00 00 00 00 00 00 00 00 00 00 00 00 00" lun="0" controllerID="0" channelID="0" deviceID="1"/>
    	<event Date="1349823628" eventType="FSA_EM_EXPANDED_EVENT" eventCode="0x10000000" groupType="FSA_EXE_SCSI_GROUP" groupCode="2" priority="3" subType="FSA_EXE_SCSI_SENSE_DATA" subTypeCode="12" cdb="15 10 00 00 10 00 00 00 00 00 00 00" data="70 00 05 00 00 00 00 00 00 00 00 00 26 01 00 00 00 00 00 00 00 00 00 00 00 00 00 00 00 00 00 00" lun="0" controllerID="0" channelID="0" deviceID="2"/>
    	<event Date="1349823628" eventType="FSA_EM_EXPANDED_EVENT" eventCode="0x10000000" groupType="FSA_EXE_SCSI_GROUP" groupCode="2" priority="3" subType="FSA_EXE_SCSI_SENSE_DATA" subTypeCode="12" cdb="15 10 00 00 10 00 00 00 00 00 00 00" data="70 00 05 00 00 00 00 00 00 00 00 00 26 01 00 00 00 00 00 00 00 00 00 00 00 00 00 00 00 00 00 00" lun="0" controllerID="0" channelID="0" deviceID="3"/>
    	<event Date="1349823629" eventType="FSA_EM_EXPANDED_EVENT" eventCode="0x10000000" groupType="FSA_EXE_SCSI_GROUP" groupCode="2" priority="3" subType="FSA_EXE_SCSI_SENSE_DATA" subTypeCode="12" cdb="15 10 00 00 10 00 00 00 00 00 00 00" data="70 00 05 00 00 00 00 00 00 00 00 00 26 01 00 00 00 00 00 00 00 00 00 00 00 00 00 00 00 00 00 00" lun="0" controllerID="0" channelID="0" deviceID="4"/>
    	<event Date="1349823629" eventType="FSA_EM_EXPANDED_EVENT" eventCode="0x10000000" groupType="FSA_EXE_SCSI_GROUP" groupCode="2" priority="3" subType="FSA_EXE_SCSI_SENSE_DATA" subTypeCode="12" cdb="15 10 00 00 10 00 00 00 00 00 00 00" data="70 00 05 00 00 00 00 00 00 00 00 00 26 01 00 00 00 00 00 00 00 00 00 00 00 00 00 00 00 00 00 00" lun="0" controllerID="0" channelID="0" deviceID="5"/>
    	<event Date="1349823629" eventType="FSA_EM_EXPANDED_EVENT" eventCode="0x10000000" groupType="FSA_EXE_SCSI_GROUP" groupCode="2" priority="3" subType="FSA_EXE_SCSI_SENSE_DATA" subTypeCode="12" cdb="15 10 00 00 10 00 00 00 00 00 00 00" data="70 00 05 00 00 00 00 00 00 00 00 00 26 01 00 00 00 00 00 00 00 00 00 00 00 00 00 00 00 00 00 00" lun="0" controllerID="0" channelID="0" deviceID="6"/>
    	<event Date="1349823629" eventType="FSA_EM_EXPANDED_EVENT" eventCode="0x10000000" groupType="FSA_EXE_SCSI_GROUP" groupCode="2" priority="3" subType="FSA_EXE_SCSI_SENSE_DATA" subTypeCode="12" cdb="15 10 00 00 10 00 00 00 00 00 00 00" data="70 00 05 00 00 00 00 00 00 00 00 00 26 01 00 00 00 00 00 00 00 00 00 00 00 00 00 00 00 00 00 00" lun="0" controllerID="0" channelID="0" deviceID="7"/>
    	<event Date="1349823656" eventType="FSA_EM_BATTERY_CHANGE" eventCode="0x4000" batteryEventType="FSA_BATTERY_DEAD" batteryEventCode="1" priorState="0" currentState="0" controllerID="0"/>
    	<event Date="1349824132" eventType="FSA_EM_GENERAL_UPDATE_EVENT" eventCode="0x20000000" generalUpdateEventType="FSA_GENERAL_UPDATE_POWER_MGT" generalUpdateEventCode="5" pmEventType="1" pmState="1" controllerID="0" logicalDriveID="0"/>
    	<event Date="1349824132" eventType="FSA_EM_GENERAL_UPDATE_EVENT" eventCode="0x20000000" generalUpdateEventType="FSA_GENERAL_UPDATE_POWER_MGT" generalUpdateEventCode="5" pmEventType="1" pmState="1" controllerID="0" logicalDriveID="1"/>
    </eventlog>
</ControllerLog>


Command completed successfully.
