
-------------------------------------------------------------------------------
   ROBOCOPY     ::     Windows の堅牢性の高いファイル コピー                              
-------------------------------------------------------------------------------

  開始: Mon Jul 16 03:00:00 2012

   コピー元 : Z:\sqldata\
     コピー先 : D:\Users\hiRo\Documents\My Dropbox\Backup\bkupdir\sqldata\

    ファイル: *.*
	    
  オプション: *.* /S /E /COPY:DAT /PURGE /MIR /NP /R:1000000 /W:30 

------------------------------------------------------------------------------

	                   0	Z:\sqldata\
	                   0	Z:\sqldata\dbmg10\
	                   3	Z:\sqldata\dbmg10\BACKUP-1\
	                   3	Z:\sqldata\dbmg10\BACKUP-2\
	                   3	Z:\sqldata\dbmg10\BACKUP-3\
	                   3	Z:\sqldata\dbmg10\BACKUP-4\
	                   3	Z:\sqldata\dbmg10\BACKUP-5\
	                   0	Z:\sqldata\dbmg20\
	                   3	Z:\sqldata\dbmg20\BACKUP-1\
	                   3	Z:\sqldata\dbmg20\BACKUP-2\
	                   3	Z:\sqldata\dbmg20\BACKUP-3\
	                   3	Z:\sqldata\dbmg20\BACKUP-4\
	                   3	Z:\sqldata\dbmg20\BACKUP-5\
	                   0	Z:\sqldata\ndbd10\
	                   3	Z:\sqldata\ndbd10\BACKUP-1\
	                   6	Z:\sqldata\ndbd10\BACKUP-113\
	                   3	Z:\sqldata\ndbd10\BACKUP-2\
	                   3	Z:\sqldata\ndbd10\BACKUP-3\
	                   3	Z:\sqldata\ndbd10\BACKUP-4\
	                   3	Z:\sqldata\ndbd10\BACKUP-5\
	                   0	Z:\sqldata\ndbd20\
	                   3	Z:\sqldata\ndbd20\BACKUP-1\
	                   3	Z:\sqldata\ndbd20\BACKUP-2\
	                   3	Z:\sqldata\ndbd20\BACKUP-3\
	                   3	Z:\sqldata\ndbd20\BACKUP-4\
	                   3	Z:\sqldata\ndbd20\BACKUP-5\

------------------------------------------------------------------------------

                  合計     コピー済み      スキップ       不一致        失敗    Extras
   ディレクトリ:        26         0        26         0         0         0
     ファイル:        66         0        66         0         0         0
      バイト:   60.23 m         0   60.23 m         0         0         0
       時刻:   0:00:00   0:00:00                       0:00:00   0:00:00

       終了: Mon Jul 16 03:00:00 2012
