
-------------------------------------------------------------------------------
   ROBOCOPY     ::     Windows の堅牢性の高いファイル コピー                              
-------------------------------------------------------------------------------

  開始: Sat Dec 15 03:00:00 2012

   コピー元 = Z:\dbdata\
     コピー先 : D:\Users\hiRo\Documents\My Dropbox\Backup\bkupdir\dbdata\

    ファイル: *.*
	    
  オプション: *.* /S /E /COPY:DAT /PURGE /MIR /NP /R:1000000 /W:30 

------------------------------------------------------------------------------

	                   0	Z:\dbdata\
	                   0	Z:\dbdata\dbmg10\
	                   0	Z:\dbdata\dbmg20\
	                   0	Z:\dbdata\ndbd10\
	*EXTRA Dir        -1	D:\Users\hiRo\Documents\My Dropbox\Backup\bkupdir\dbdata\ndbd10\BACKUP-66\
	  *EXTRA File 		  485840	BACKUP-66.11.ctl
	  *EXTRA File 		      52	BACKUP-66.11.log
	  *EXTRA File 		   5.2 m	BACKUP-66-0.11.Data
	                   3	Z:\dbdata\ndbd10\BACKUP-67\
	                   3	Z:\dbdata\ndbd10\BACKUP-68\
	                   3	Z:\dbdata\ndbd10\BACKUP-69\
	                   3	Z:\dbdata\ndbd10\BACKUP-70\
	  新しいディレクトリ          3	Z:\dbdata\ndbd10\BACKUP-71\
	    新しいファイル  		  485840	BACKUP-71.11.ctl
	    新しいファイル  		      52	BACKUP-71.11.log
	    新しいファイル  		   5.2 m	BACKUP-71-0.11.Data
	                   0	Z:\dbdata\ndbd20\
	*EXTRA Dir        -1	D:\Users\hiRo\Documents\My Dropbox\Backup\bkupdir\dbdata\ndbd20\BACKUP-66\
	  *EXTRA File 		  485840	BACKUP-66.12.ctl
	  *EXTRA File 		      52	BACKUP-66.12.log
	  *EXTRA File 		   5.8 m	BACKUP-66-0.12.Data
	                   3	Z:\dbdata\ndbd20\BACKUP-67\
	                   3	Z:\dbdata\ndbd20\BACKUP-68\
	                   3	Z:\dbdata\ndbd20\BACKUP-69\
	                   3	Z:\dbdata\ndbd20\BACKUP-70\
	  新しいディレクトリ          3	Z:\dbdata\ndbd20\BACKUP-71\
	    新しいファイル  		  485840	BACKUP-71.12.ctl
	    新しいファイル  		      52	BACKUP-71.12.log
	    新しいファイル  		   5.8 m	BACKUP-71-0.12.Data
	                   0	Z:\dbdata\ndbd30\
	*EXTRA Dir        -1	D:\Users\hiRo\Documents\My Dropbox\Backup\bkupdir\dbdata\ndbd30\BACKUP-66\
	  *EXTRA File 		  485840	BACKUP-66.13.ctl
	  *EXTRA File 		      52	BACKUP-66.13.log
	  *EXTRA File 		   5.2 m	BACKUP-66-0.13.Data
	                   3	Z:\dbdata\ndbd30\BACKUP-67\
	                   3	Z:\dbdata\ndbd30\BACKUP-68\
	                   3	Z:\dbdata\ndbd30\BACKUP-69\
	                   3	Z:\dbdata\ndbd30\BACKUP-70\
	  新しいディレクトリ          3	Z:\dbdata\ndbd30\BACKUP-71\
	    新しいファイル  		  485840	BACKUP-71.13.ctl
	    新しいファイル  		      52	BACKUP-71.13.log
	    新しいファイル  		   5.2 m	BACKUP-71-0.13.Data
	                   0	Z:\dbdata\ndbd40\
	*EXTRA Dir        -1	D:\Users\hiRo\Documents\My Dropbox\Backup\bkupdir\dbdata\ndbd40\BACKUP-66\
	  *EXTRA File 		  485840	BACKUP-66.14.ctl
	  *EXTRA File 		      52	BACKUP-66.14.log
	  *EXTRA File 		   5.5 m	BACKUP-66-0.14.Data
	                   3	Z:\dbdata\ndbd40\BACKUP-67\
	                   3	Z:\dbdata\ndbd40\BACKUP-68\
	                   3	Z:\dbdata\ndbd40\BACKUP-69\
	                   3	Z:\dbdata\ndbd40\BACKUP-70\
	  新しいディレクトリ          3	Z:\dbdata\ndbd40\BACKUP-71\
	    新しいファイル  		  485840	BACKUP-71.14.ctl
	    新しいファイル  		      52	BACKUP-71.14.log
	    新しいファイル  		   5.5 m	BACKUP-71-0.14.Data

------------------------------------------------------------------------------

                  合計     コピー済み      スキップ       不一致        失敗    Extras
   ディレクトリ:        27         4        23         0         0         4
     ファイル:        60        12        48         0         0        12
      バイト:  118.90 m   23.78 m   95.12 m         0         0   23.78 m
       時刻:   0:00:04   0:00:04                       0:00:00   0:00:00


       速度:             5997427 バイト/秒
       速度:             343.175 MB/分

       終了: Sat Dec 15 03:00:05 2012
